<?xml version="1.0" encoding="UTF-8"?>
<robot generator="Robot 6.1.1 (Python 3.11.5 on darwin)" generated="20231001 16:13:29.173" rpa="false" schemaversion="4">
<suite id="s1" name="crm UsingVariables" source="/Users/shyamswaroopnigam/Documents/RobotFramework/crm/Tests/crm_UsingVariables.robot">
<test id="s1-t1" name="Test case 1: Should be able to resize the window and select sign in" line="22">
<kw name="Initialize Selenium" library="common" type="SETUP">
<kw name="Set Selenium Speed" library="SeleniumLibrary">
<arg>0.2s</arg>
<doc>Sets the delay that is waited after each Selenium command.</doc>
<status status="PASS" starttime="20231001 16:13:29.556" endtime="20231001 16:13:29.556"/>
</kw>
<kw name="Set Selenium Timeout" library="SeleniumLibrary">
<arg>10s</arg>
<doc>Sets the timeout that is used by various keywords.</doc>
<status status="PASS" starttime="20231001 16:13:29.557" endtime="20231001 16:13:29.557"/>
</kw>
<status status="PASS" starttime="20231001 16:13:29.556" endtime="20231001 16:13:29.557"/>
</kw>
<kw name="Begin web test" library="common">
<kw name="Log" library="BuiltIn">
<arg>Starting the test case!</arg>
<doc>Logs the given message with the given level.</doc>
<msg timestamp="20231001 16:13:29.558" level="INFO">Starting the test case!</msg>
<status status="PASS" starttime="20231001 16:13:29.558" endtime="20231001 16:13:29.558"/>
</kw>
<kw name="Open Browser" library="SeleniumLibrary">
<arg>about:blank</arg>
<arg>${browser}</arg>
<doc>Opens a new browser instance to the optional ``url``.</doc>
<msg timestamp="20231001 16:13:29.559" level="INFO">Opening browser 'chrome' to base url 'about:blank'.</msg>
<status status="PASS" starttime="20231001 16:13:29.558" endtime="20231001 16:13:33.094"/>
</kw>
<kw name="Go To" library="SeleniumLibrary">
<arg>${url}</arg>
<doc>Navigates the current browser window to the provided ``url``.</doc>
<msg timestamp="20231001 16:13:33.095" level="INFO">Opening url 'https://automationplayground.com/crm/'</msg>
<status status="PASS" starttime="20231001 16:13:33.094" endtime="20231001 16:13:34.565"/>
</kw>
<kw name="Page Should Contain" library="SeleniumLibrary">
<arg>Customers Are Priority One</arg>
<doc>Verifies that current page contains ``text``.</doc>
<msg timestamp="20231001 16:13:35.004" level="INFO">Current page contains text 'Customers Are Priority One'.</msg>
<status status="PASS" starttime="20231001 16:13:34.566" endtime="20231001 16:13:35.004"/>
</kw>
<status status="PASS" starttime="20231001 16:13:29.557" endtime="20231001 16:13:35.005"/>
</kw>
<kw name="Resize the window" library="common">
<kw name="Set Window Position" library="SeleniumLibrary">
<arg>x=341</arg>
<arg>y=169</arg>
<doc>Sets window position using ``x`` and ``y`` coordinates.</doc>
<status status="PASS" starttime="20231001 16:13:35.006" endtime="20231001 16:13:35.317"/>
</kw>
<kw name="Set Window Size" library="SeleniumLibrary">
<arg>width=800</arg>
<arg>height=500</arg>
<doc>Sets current windows size to given ``width`` and ``height``.</doc>
<status status="PASS" starttime="20231001 16:13:35.317" endtime="20231001 16:13:35.641"/>
</kw>
<status status="PASS" starttime="20231001 16:13:35.006" endtime="20231001 16:13:35.642"/>
</kw>
<kw name="Select Sign In button" library="automationwebsite">
<kw name="Select Sign in button" library="SelectSignIn">
<kw name="Click Link" library="SeleniumLibrary">
<arg>xpath://*[@id="SignIn"]</arg>
<doc>Clicks a link identified by ``locator``.</doc>
<msg timestamp="20231001 16:13:35.645" level="INFO">Clicking link 'xpath://*[@id="SignIn"]'.</msg>
<status status="PASS" starttime="20231001 16:13:35.643" endtime="20231001 16:13:36.610"/>
</kw>
<status status="PASS" starttime="20231001 16:13:35.643" endtime="20231001 16:13:36.611"/>
</kw>
<kw name="Verify Sign In Successful" library="SelectSignIn">
<kw name="Page Should Contain" library="SeleniumLibrary">
<arg>Login</arg>
<doc>Verifies that current page contains ``text``.</doc>
<msg timestamp="20231001 16:13:37.044" level="INFO">Current page contains text 'Login'.</msg>
<status status="PASS" starttime="20231001 16:13:36.612" endtime="20231001 16:13:37.044"/>
</kw>
<status status="PASS" starttime="20231001 16:13:36.611" endtime="20231001 16:13:37.044"/>
</kw>
<status status="PASS" starttime="20231001 16:13:35.642" endtime="20231001 16:13:37.044"/>
</kw>
<kw name="End web test" library="common" type="TEARDOWN">
<kw name="Close Browser" library="SeleniumLibrary">
<doc>Closes the current browser.</doc>
<status status="PASS" starttime="20231001 16:13:37.046" endtime="20231001 16:13:37.375"/>
</kw>
<status status="PASS" starttime="20231001 16:13:37.045" endtime="20231001 16:13:37.375"/>
</kw>
<doc>This is some basic info about the test</doc>
<tag>1006</tag>
<tag>SignIn</tag>
<tag>Smoke</tag>
<status status="PASS" starttime="20231001 16:13:29.555" endtime="20231001 16:13:37.375"/>
</test>
<test id="s1-t2" name="Test case 2: Should be able to add new customer" line="30">
<kw name="Initialize Selenium" library="common" type="SETUP">
<kw name="Set Selenium Speed" library="SeleniumLibrary">
<arg>0.2s</arg>
<doc>Sets the delay that is waited after each Selenium command.</doc>
<status status="PASS" starttime="20231001 16:13:37.378" endtime="20231001 16:13:37.379"/>
</kw>
<kw name="Set Selenium Timeout" library="SeleniumLibrary">
<arg>10s</arg>
<doc>Sets the timeout that is used by various keywords.</doc>
<status status="PASS" starttime="20231001 16:13:37.379" endtime="20231001 16:13:37.379"/>
</kw>
<status status="PASS" starttime="20231001 16:13:37.377" endtime="20231001 16:13:37.379"/>
</kw>
<kw name="Begin web test" library="common">
<kw name="Log" library="BuiltIn">
<arg>Starting the test case!</arg>
<doc>Logs the given message with the given level.</doc>
<msg timestamp="20231001 16:13:37.380" level="INFO">Starting the test case!</msg>
<status status="PASS" starttime="20231001 16:13:37.380" endtime="20231001 16:13:37.380"/>
</kw>
<kw name="Open Browser" library="SeleniumLibrary">
<arg>about:blank</arg>
<arg>${browser}</arg>
<doc>Opens a new browser instance to the optional ``url``.</doc>
<msg timestamp="20231001 16:13:37.381" level="INFO">Opening browser 'chrome' to base url 'about:blank'.</msg>
<status status="PASS" starttime="20231001 16:13:37.380" endtime="20231001 16:13:40.408"/>
</kw>
<kw name="Go To" library="SeleniumLibrary">
<arg>${url}</arg>
<doc>Navigates the current browser window to the provided ``url``.</doc>
<msg timestamp="20231001 16:13:40.410" level="INFO">Opening url 'https://automationplayground.com/crm/'</msg>
<status status="PASS" starttime="20231001 16:13:40.409" endtime="20231001 16:13:41.362"/>
</kw>
<kw name="Page Should Contain" library="SeleniumLibrary">
<arg>Customers Are Priority One</arg>
<doc>Verifies that current page contains ``text``.</doc>
<msg timestamp="20231001 16:13:41.792" level="INFO">Current page contains text 'Customers Are Priority One'.</msg>
<status status="PASS" starttime="20231001 16:13:41.362" endtime="20231001 16:13:41.792"/>
</kw>
<status status="PASS" starttime="20231001 16:13:37.379" endtime="20231001 16:13:41.792"/>
</kw>
<kw name="Resize the window" library="common">
<kw name="Set Window Position" library="SeleniumLibrary">
<arg>x=341</arg>
<arg>y=169</arg>
<doc>Sets window position using ``x`` and ``y`` coordinates.</doc>
<status status="PASS" starttime="20231001 16:13:41.793" endtime="20231001 16:13:42.110"/>
</kw>
<kw name="Set Window Size" library="SeleniumLibrary">
<arg>width=800</arg>
<arg>height=500</arg>
<doc>Sets current windows size to given ``width`` and ``height``.</doc>
<status status="PASS" starttime="20231001 16:13:42.111" endtime="20231001 16:13:42.436"/>
</kw>
<status status="PASS" starttime="20231001 16:13:41.793" endtime="20231001 16:13:42.436"/>
</kw>
<kw name="Select Sign In button" library="automationwebsite">
<kw name="Select Sign in button" library="SelectSignIn">
<kw name="Click Link" library="SeleniumLibrary">
<arg>xpath://*[@id="SignIn"]</arg>
<doc>Clicks a link identified by ``locator``.</doc>
<msg timestamp="20231001 16:13:42.439" level="INFO">Clicking link 'xpath://*[@id="SignIn"]'.</msg>
<status status="PASS" starttime="20231001 16:13:42.438" endtime="20231001 16:13:43.388"/>
</kw>
<status status="PASS" starttime="20231001 16:13:42.437" endtime="20231001 16:13:43.389"/>
</kw>
<kw name="Verify Sign In Successful" library="SelectSignIn">
<kw name="Page Should Contain" library="SeleniumLibrary">
<arg>Login</arg>
<doc>Verifies that current page contains ``text``.</doc>
<msg timestamp="20231001 16:13:43.822" level="INFO">Current page contains text 'Login'.</msg>
<status status="PASS" starttime="20231001 16:13:43.391" endtime="20231001 16:13:43.823"/>
</kw>
<status status="PASS" starttime="20231001 16:13:43.390" endtime="20231001 16:13:43.823"/>
</kw>
<status status="PASS" starttime="20231001 16:13:42.437" endtime="20231001 16:13:43.823"/>
</kw>
<kw name="Enter the credentials" library="automationwebsite">
<kw name="Enter the credentials" library="EnterCredentials">
<kw name="Input Text" library="SeleniumLibrary">
<arg>id=email-id</arg>
<arg>${username}</arg>
<doc>Types the given ``text`` into the text field identified by ``locator``.</doc>
<msg timestamp="20231001 16:13:43.826" level="INFO">Typing text 'admin@robotframeworktutorial.com' into text field 'id=email-id'.</msg>
<status status="PASS" starttime="20231001 16:13:43.825" endtime="20231001 16:13:44.754"/>
</kw>
<kw name="Input Text" library="SeleniumLibrary">
<arg>id=password</arg>
<arg>${password}</arg>
<doc>Types the given ``text`` into the text field identified by ``locator``.</doc>
<msg timestamp="20231001 16:13:44.756" level="INFO">Typing text 'qwe' into text field 'id=password'.</msg>
<status status="PASS" starttime="20231001 16:13:44.755" endtime="20231001 16:13:45.487"/>
</kw>
<status status="PASS" starttime="20231001 16:13:43.824" endtime="20231001 16:13:45.487"/>
</kw>
<kw name="Select submit button home page" library="EnterCredentials">
<kw name="Click Button" library="SeleniumLibrary">
<arg>id=submit-id</arg>
<doc>Clicks the button identified by ``locator``.</doc>
<msg timestamp="20231001 16:13:45.489" level="INFO">Clicking button 'id=submit-id'.</msg>
<status status="PASS" starttime="20231001 16:13:45.488" endtime="20231001 16:13:46.783"/>
</kw>
<status status="PASS" starttime="20231001 16:13:45.487" endtime="20231001 16:13:46.783"/>
</kw>
<kw name="Verify successful sign in" library="EnterCredentials">
<kw name="Page Should Contain" library="SeleniumLibrary">
<arg>Our Happy Customers</arg>
<doc>Verifies that current page contains ``text``.</doc>
<msg timestamp="20231001 16:13:47.212" level="INFO">Current page contains text 'Our Happy Customers'.</msg>
<status status="PASS" starttime="20231001 16:13:46.783" endtime="20231001 16:13:47.212"/>
</kw>
<status status="PASS" starttime="20231001 16:13:46.783" endtime="20231001 16:13:47.212"/>
</kw>
<status status="PASS" starttime="20231001 16:13:43.823" endtime="20231001 16:13:47.212"/>
</kw>
<kw name="Select new customer button" library="automationwebsite">
<kw name="Select new customer button" library="SelectNewCustomer">
<kw name="Click Link" library="SeleniumLibrary">
<arg>id=new-customer</arg>
<doc>Clicks a link identified by ``locator``.</doc>
<msg timestamp="20231001 16:13:47.215" level="INFO">Clicking link 'id=new-customer'.</msg>
<status status="PASS" starttime="20231001 16:13:47.214" endtime="20231001 16:13:48.239"/>
</kw>
<status status="PASS" starttime="20231001 16:13:47.213" endtime="20231001 16:13:48.240"/>
</kw>
<kw name="Verify successful new customer button selection" library="SelectNewCustomer">
<kw name="Wait Until Page Contains" library="SeleniumLibrary">
<arg>Add Customer</arg>
<doc>Waits until ``text`` appears on the current page.</doc>
<status status="PASS" starttime="20231001 16:13:48.241" endtime="20231001 16:13:48.466"/>
</kw>
<status status="PASS" starttime="20231001 16:13:48.240" endtime="20231001 16:13:48.467"/>
</kw>
<status status="PASS" starttime="20231001 16:13:47.213" endtime="20231001 16:13:48.467"/>
</kw>
<kw name="Enter the details of a new customer" library="automationwebsite">
<kw name="Enter the email id of a new customer" library="NewCustomerDetails">
<kw name="Input Text" library="SeleniumLibrary">
<arg>id=EmailAddress</arg>
<arg>${newCustomerEmailID}</arg>
<doc>Types the given ``text`` into the text field identified by ``locator``.</doc>
<msg timestamp="20231001 16:13:48.469" level="INFO">Typing text 'shy@gmail.com' into text field 'id=EmailAddress'.</msg>
<status status="PASS" starttime="20231001 16:13:48.468" endtime="20231001 16:13:49.234"/>
</kw>
<status status="PASS" starttime="20231001 16:13:48.468" endtime="20231001 16:13:49.235"/>
</kw>
<kw name="Enter the first name of a new customer" library="NewCustomerDetails">
<kw name="Input Text" library="SeleniumLibrary">
<arg>id=FirstName</arg>
<arg>${newCustomerFirstAndLastName}[0]</arg>
<doc>Types the given ``text`` into the text field identified by ``locator``.</doc>
<msg timestamp="20231001 16:13:49.236" level="INFO">Typing text 'shy' into text field 'id=FirstName'.</msg>
<status status="PASS" starttime="20231001 16:13:49.235" endtime="20231001 16:13:50.139"/>
</kw>
<status status="PASS" starttime="20231001 16:13:49.235" endtime="20231001 16:13:50.139"/>
</kw>
<kw name="Enter the last name of a new customer" library="NewCustomerDetails">
<kw name="Input Text" library="SeleniumLibrary">
<arg>id=LastName</arg>
<arg>${newCustomerFirstAndLastName}[1]</arg>
<doc>Types the given ``text`` into the text field identified by ``locator``.</doc>
<msg timestamp="20231001 16:13:50.141" level="INFO">Typing text 'nig' into text field 'id=LastName'.</msg>
<status status="PASS" starttime="20231001 16:13:50.140" endtime="20231001 16:13:50.869"/>
</kw>
<status status="PASS" starttime="20231001 16:13:50.140" endtime="20231001 16:13:50.869"/>
</kw>
<kw name="Enter the city of a new customer" library="NewCustomerDetails">
<kw name="Input Text" library="SeleniumLibrary">
<arg>id=City</arg>
<arg>${newCustomerCity}</arg>
<doc>Types the given ``text`` into the text field identified by ``locator``.</doc>
<msg timestamp="20231001 16:13:50.871" level="INFO">Typing text 'New York' into text field 'id=City'.</msg>
<status status="PASS" starttime="20231001 16:13:50.870" endtime="20231001 16:13:51.619"/>
</kw>
<status status="PASS" starttime="20231001 16:13:50.869" endtime="20231001 16:13:51.619"/>
</kw>
<kw name="Select State or region of new customer" library="NewCustomerDetails">
<kw name="Select From List By Value" library="SeleniumLibrary">
<arg>id=StateOrRegion</arg>
<arg>TX</arg>
<doc>Selects options from selection list ``locator`` by ``values``.</doc>
<msg timestamp="20231001 16:13:51.620" level="INFO">Selecting options from selection list 'id=StateOrRegion' by value TX.</msg>
<status status="PASS" starttime="20231001 16:13:51.619" endtime="20231001 16:13:53.351"/>
</kw>
<status status="PASS" starttime="20231001 16:13:51.619" endtime="20231001 16:13:53.352"/>
</kw>
<status status="PASS" starttime="20231001 16:13:48.467" endtime="20231001 16:13:53.352"/>
</kw>
<kw name="Select Gender" library="automationwebsite">
<kw name="Select Gender Male" library="GenderSelection">
<kw name="Select Radio Button" library="SeleniumLibrary">
<arg>gender</arg>
<arg>male</arg>
<doc>Sets the radio button group ``group_name`` to ``value``.</doc>
<msg timestamp="20231001 16:13:53.354" level="INFO">Selecting 'male' from radio button 'gender'.</msg>
<status status="PASS" starttime="20231001 16:13:53.354" endtime="20231001 16:13:54.060"/>
</kw>
<status status="PASS" starttime="20231001 16:13:53.353" endtime="20231001 16:13:54.060"/>
</kw>
<status status="PASS" starttime="20231001 16:13:53.352" endtime="20231001 16:13:54.060"/>
</kw>
<kw name="Accept addition to promotion list" library="automationwebsite">
<kw name="Accept addition to promotion list" library="AdditionToPromotionList">
<kw name="Select Checkbox" library="SeleniumLibrary">
<arg>xpath=//*[@id="loginform"]/div/div/div/div/form/div[7]/input</arg>
<doc>Selects the checkbox identified by ``locator``.</doc>
<msg timestamp="20231001 16:13:54.062" level="INFO">Selecting checkbox 'xpath=//*[@id="loginform"]/div/div/div/div/form/div[7]/input'.</msg>
<status status="PASS" starttime="20231001 16:13:54.062" endtime="20231001 16:13:55.187"/>
</kw>
<status status="PASS" starttime="20231001 16:13:54.061" endtime="20231001 16:13:55.188"/>
</kw>
<status status="PASS" starttime="20231001 16:13:54.061" endtime="20231001 16:13:55.188"/>
</kw>
<kw name="Select the submit button" library="automationwebsite">
<kw name="Select the submit button" library="SelectSubmit">
<kw name="Click Button" library="SeleniumLibrary">
<arg>xpath=//*[@id="loginform"]/div/div/div/div/form/button</arg>
<doc>Clicks the button identified by ``locator``.</doc>
<msg timestamp="20231001 16:13:55.191" level="INFO">Clicking button 'xpath=//*[@id="loginform"]/div/div/div/div/form/button'.</msg>
<status status="PASS" starttime="20231001 16:13:55.190" endtime="20231001 16:13:56.475"/>
</kw>
<status status="PASS" starttime="20231001 16:13:55.190" endtime="20231001 16:13:56.475"/>
</kw>
<kw name="Verify new customer addition succesful" library="SelectSubmit">
<kw name="Wait Until Page Contains" library="SeleniumLibrary">
<arg>Success! New customer added.</arg>
<doc>Waits until ``text`` appears on the current page.</doc>
<status status="PASS" starttime="20231001 16:13:56.475" endtime="20231001 16:13:56.699"/>
</kw>
<kw name="Sleep" library="BuiltIn">
<arg>3s</arg>
<doc>Pauses the test executed for the given time.</doc>
<msg timestamp="20231001 16:13:59.704" level="INFO">Slept 3 seconds</msg>
<status status="PASS" starttime="20231001 16:13:56.700" endtime="20231001 16:13:59.705"/>
</kw>
<status status="PASS" starttime="20231001 16:13:56.475" endtime="20231001 16:13:59.705"/>
</kw>
<status status="PASS" starttime="20231001 16:13:55.189" endtime="20231001 16:13:59.705"/>
</kw>
<kw name="End web test" library="common" type="TEARDOWN">
<kw name="Close Browser" library="SeleniumLibrary">
<doc>Closes the current browser.</doc>
<status status="PASS" starttime="20231001 16:13:59.706" endtime="20231001 16:14:00.035"/>
</kw>
<status status="PASS" starttime="20231001 16:13:59.706" endtime="20231001 16:14:00.035"/>
</kw>
<doc>This is some basic info about the test</doc>
<tag>1006</tag>
<tag>Contacts</tag>
<tag>Smoke</tag>
<status status="PASS" starttime="20231001 16:13:37.376" endtime="20231001 16:14:00.035"/>
</test>
<doc>This is a document with organized crm.robot file</doc>
<status status="PASS" starttime="20231001 16:13:29.176" endtime="20231001 16:14:00.037"/>
</suite>
<statistics>
<total>
<stat pass="2" fail="0" skip="0">All Tests</stat>
</total>
<tag>
<stat pass="2" fail="0" skip="0">1006</stat>
<stat pass="1" fail="0" skip="0">Contacts</stat>
<stat pass="1" fail="0" skip="0">SignIn</stat>
<stat pass="2" fail="0" skip="0">Smoke</stat>
</tag>
<suite>
<stat pass="2" fail="0" skip="0" id="s1" name="crm UsingVariables">crm UsingVariables</stat>
</suite>
</statistics>
<errors>
</errors>
</robot>
