<?xml version="1.0" encoding="UTF-8"?>
<robot generator="Robot 6.1.1 (Python 3.11.5 on darwin)" generated="20230930 17:53:14.678" rpa="false" schemaversion="4">
<suite id="s1" name="crm MoreReadable" source="/Users/shyamswaroopnigam/Documents/RobotFramework/crm/Tests/crm_MoreReadable.robot">
<test id="s1-t1" name="Test case 1: Should be able to resize the window and select sign in" line="21">
<kw name="Initialize Selenium" library="common" type="SETUP">
<kw name="Set Selenium Speed" library="SeleniumLibrary">
<arg>0.2s</arg>
<doc>Sets the delay that is waited after each Selenium command.</doc>
<status status="PASS" starttime="20230930 17:53:15.005" endtime="20230930 17:53:15.006"/>
</kw>
<kw name="Set Selenium Timeout" library="SeleniumLibrary">
<arg>10s</arg>
<doc>Sets the timeout that is used by various keywords.</doc>
<status status="PASS" starttime="20230930 17:53:15.006" endtime="20230930 17:53:15.006"/>
</kw>
<status status="PASS" starttime="20230930 17:53:15.005" endtime="20230930 17:53:15.006"/>
</kw>
<kw name="Begin web test" library="common">
<kw name="Log" library="BuiltIn">
<arg>Starting the test case!</arg>
<doc>Logs the given message with the given level.</doc>
<msg timestamp="20230930 17:53:15.007" level="INFO">Starting the test case!</msg>
<status status="PASS" starttime="20230930 17:53:15.007" endtime="20230930 17:53:15.007"/>
</kw>
<kw name="Open Browser" library="SeleniumLibrary">
<arg>about:blank</arg>
<arg>chrome</arg>
<doc>Opens a new browser instance to the optional ``url``.</doc>
<msg timestamp="20230930 17:53:15.007" level="INFO">Opening browser 'chrome' to base url 'about:blank'.</msg>
<status status="PASS" starttime="20230930 17:53:15.007" endtime="20230930 17:53:18.097"/>
</kw>
<kw name="Go To" library="SeleniumLibrary">
<arg>https://automationplayground.com/crm/</arg>
<doc>Navigates the current browser window to the provided ``url``.</doc>
<msg timestamp="20230930 17:53:18.099" level="INFO">Opening url 'https://automationplayground.com/crm/'</msg>
<status status="PASS" starttime="20230930 17:53:18.098" endtime="20230930 17:53:19.544"/>
</kw>
<kw name="Page Should Contain" library="SeleniumLibrary">
<arg>Customers Are Priority One</arg>
<doc>Verifies that current page contains ``text``.</doc>
<msg timestamp="20230930 17:53:19.977" level="INFO">Current page contains text 'Customers Are Priority One'.</msg>
<status status="PASS" starttime="20230930 17:53:19.545" endtime="20230930 17:53:19.978"/>
</kw>
<status status="PASS" starttime="20230930 17:53:15.006" endtime="20230930 17:53:19.978"/>
</kw>
<kw name="Resize the window" library="common">
<kw name="Set Window Position" library="SeleniumLibrary">
<arg>x=341</arg>
<arg>y=169</arg>
<doc>Sets window position using ``x`` and ``y`` coordinates.</doc>
<status status="PASS" starttime="20230930 17:53:19.980" endtime="20230930 17:53:20.301"/>
</kw>
<kw name="Set Window Size" library="SeleniumLibrary">
<arg>width=800</arg>
<arg>height=500</arg>
<doc>Sets current windows size to given ``width`` and ``height``.</doc>
<status status="PASS" starttime="20230930 17:53:20.301" endtime="20230930 17:53:20.626"/>
</kw>
<status status="PASS" starttime="20230930 17:53:19.979" endtime="20230930 17:53:20.626"/>
</kw>
<kw name="Select Sign in button" library="automationwebsite">
<kw name="Click Link" library="SeleniumLibrary">
<arg>xpath://*[@id="SignIn"]</arg>
<doc>Clicks a link identified by ``locator``.</doc>
<msg timestamp="20230930 17:53:20.629" level="INFO">Clicking link 'xpath://*[@id="SignIn"]'.</msg>
<status status="PASS" starttime="20230930 17:53:20.627" endtime="20230930 17:53:21.593"/>
</kw>
<kw name="Page Should Contain" library="SeleniumLibrary">
<arg>Login</arg>
<doc>Verifies that current page contains ``text``.</doc>
<msg timestamp="20230930 17:53:22.023" level="INFO">Current page contains text 'Login'.</msg>
<status status="PASS" starttime="20230930 17:53:21.593" endtime="20230930 17:53:22.024"/>
</kw>
<status status="PASS" starttime="20230930 17:53:20.627" endtime="20230930 17:53:22.024"/>
</kw>
<kw name="End web test" library="common" type="TEARDOWN">
<kw name="Close Browser" library="SeleniumLibrary">
<doc>Closes the current browser.</doc>
<status status="PASS" starttime="20230930 17:53:22.025" endtime="20230930 17:53:22.354"/>
</kw>
<status status="PASS" starttime="20230930 17:53:22.025" endtime="20230930 17:53:22.354"/>
</kw>
<doc>This is some basic info about the test</doc>
<tag>1006</tag>
<tag>Contacts</tag>
<tag>Smoke</tag>
<status status="PASS" starttime="20230930 17:53:15.004" endtime="20230930 17:53:22.354"/>
</test>
<test id="s1-t2" name="Test case 2: Should be able to add new customer" line="29">
<kw name="Initialize Selenium" library="common" type="SETUP">
<kw name="Set Selenium Speed" library="SeleniumLibrary">
<arg>0.2s</arg>
<doc>Sets the delay that is waited after each Selenium command.</doc>
<status status="PASS" starttime="20230930 17:53:22.356" endtime="20230930 17:53:22.356"/>
</kw>
<kw name="Set Selenium Timeout" library="SeleniumLibrary">
<arg>10s</arg>
<doc>Sets the timeout that is used by various keywords.</doc>
<status status="PASS" starttime="20230930 17:53:22.356" endtime="20230930 17:53:22.356"/>
</kw>
<status status="PASS" starttime="20230930 17:53:22.355" endtime="20230930 17:53:22.356"/>
</kw>
<kw name="Begin web test" library="common">
<kw name="Log" library="BuiltIn">
<arg>Starting the test case!</arg>
<doc>Logs the given message with the given level.</doc>
<msg timestamp="20230930 17:53:22.357" level="INFO">Starting the test case!</msg>
<status status="PASS" starttime="20230930 17:53:22.357" endtime="20230930 17:53:22.357"/>
</kw>
<kw name="Open Browser" library="SeleniumLibrary">
<arg>about:blank</arg>
<arg>chrome</arg>
<doc>Opens a new browser instance to the optional ``url``.</doc>
<msg timestamp="20230930 17:53:22.358" level="INFO">Opening browser 'chrome' to base url 'about:blank'.</msg>
<status status="PASS" starttime="20230930 17:53:22.357" endtime="20230930 17:53:25.242"/>
</kw>
<kw name="Go To" library="SeleniumLibrary">
<arg>https://automationplayground.com/crm/</arg>
<doc>Navigates the current browser window to the provided ``url``.</doc>
<msg timestamp="20230930 17:53:25.244" level="INFO">Opening url 'https://automationplayground.com/crm/'</msg>
<status status="PASS" starttime="20230930 17:53:25.243" endtime="20230930 17:53:26.276"/>
</kw>
<kw name="Page Should Contain" library="SeleniumLibrary">
<arg>Customers Are Priority One</arg>
<doc>Verifies that current page contains ``text``.</doc>
<msg timestamp="20230930 17:53:26.715" level="INFO">Current page contains text 'Customers Are Priority One'.</msg>
<status status="PASS" starttime="20230930 17:53:26.277" endtime="20230930 17:53:26.716"/>
</kw>
<status status="PASS" starttime="20230930 17:53:22.357" endtime="20230930 17:53:26.716"/>
</kw>
<kw name="Resize the window" library="common">
<kw name="Set Window Position" library="SeleniumLibrary">
<arg>x=341</arg>
<arg>y=169</arg>
<doc>Sets window position using ``x`` and ``y`` coordinates.</doc>
<status status="PASS" starttime="20230930 17:53:26.718" endtime="20230930 17:53:27.034"/>
</kw>
<kw name="Set Window Size" library="SeleniumLibrary">
<arg>width=800</arg>
<arg>height=500</arg>
<doc>Sets current windows size to given ``width`` and ``height``.</doc>
<status status="PASS" starttime="20230930 17:53:27.035" endtime="20230930 17:53:27.355"/>
</kw>
<status status="PASS" starttime="20230930 17:53:26.717" endtime="20230930 17:53:27.355"/>
</kw>
<kw name="Select Sign in button" library="automationwebsite">
<kw name="Click Link" library="SeleniumLibrary">
<arg>xpath://*[@id="SignIn"]</arg>
<doc>Clicks a link identified by ``locator``.</doc>
<msg timestamp="20230930 17:53:27.358" level="INFO">Clicking link 'xpath://*[@id="SignIn"]'.</msg>
<status status="PASS" starttime="20230930 17:53:27.356" endtime="20230930 17:53:28.312"/>
</kw>
<kw name="Page Should Contain" library="SeleniumLibrary">
<arg>Login</arg>
<doc>Verifies that current page contains ``text``.</doc>
<msg timestamp="20230930 17:53:28.746" level="INFO">Current page contains text 'Login'.</msg>
<status status="PASS" starttime="20230930 17:53:28.313" endtime="20230930 17:53:28.746"/>
</kw>
<status status="PASS" starttime="20230930 17:53:27.356" endtime="20230930 17:53:28.746"/>
</kw>
<kw name="Enter the credentials" library="automationwebsite">
<kw name="Input Text" library="SeleniumLibrary">
<arg>id=email-id</arg>
<arg>admin@robotframeworktutorial.com</arg>
<doc>Types the given ``text`` into the text field identified by ``locator``.</doc>
<msg timestamp="20230930 17:53:28.749" level="INFO">Typing text 'admin@robotframeworktutorial.com' into text field 'id=email-id'.</msg>
<status status="PASS" starttime="20230930 17:53:28.748" endtime="20230930 17:53:29.665"/>
</kw>
<kw name="Input Text" library="SeleniumLibrary">
<arg>id=password</arg>
<arg>qwe</arg>
<doc>Types the given ``text`` into the text field identified by ``locator``.</doc>
<msg timestamp="20230930 17:53:29.666" level="INFO">Typing text 'qwe' into text field 'id=password'.</msg>
<status status="PASS" starttime="20230930 17:53:29.665" endtime="20230930 17:53:30.404"/>
</kw>
<kw name="Click Button" library="SeleniumLibrary">
<arg>id=submit-id</arg>
<doc>Clicks the button identified by ``locator``.</doc>
<msg timestamp="20230930 17:53:30.406" level="INFO">Clicking button 'id=submit-id'.</msg>
<status status="PASS" starttime="20230930 17:53:30.405" endtime="20230930 17:53:31.695"/>
</kw>
<kw name="Page Should Contain" library="SeleniumLibrary">
<arg>Our Happy Customers</arg>
<doc>Verifies that current page contains ``text``.</doc>
<msg timestamp="20230930 17:53:32.125" level="INFO">Current page contains text 'Our Happy Customers'.</msg>
<status status="PASS" starttime="20230930 17:53:31.696" endtime="20230930 17:53:32.125"/>
</kw>
<status status="PASS" starttime="20230930 17:53:28.747" endtime="20230930 17:53:32.125"/>
</kw>
<kw name="Select new customer button" library="automationwebsite">
<kw name="Click Link" library="SeleniumLibrary">
<arg>id=new-customer</arg>
<doc>Clicks a link identified by ``locator``.</doc>
<msg timestamp="20230930 17:53:32.127" level="INFO">Clicking link 'id=new-customer'.</msg>
<status status="PASS" starttime="20230930 17:53:32.126" endtime="20230930 17:53:33.156"/>
</kw>
<kw name="Wait Until Page Contains" library="SeleniumLibrary">
<arg>Add Customer</arg>
<doc>Waits until ``text`` appears on the current page.</doc>
<status status="PASS" starttime="20230930 17:53:33.157" endtime="20230930 17:53:33.381"/>
</kw>
<status status="PASS" starttime="20230930 17:53:32.126" endtime="20230930 17:53:33.382"/>
</kw>
<kw name="Enter the details of a new customer" library="automationwebsite">
<kw name="Input Text" library="SeleniumLibrary">
<arg>id=EmailAddress</arg>
<arg>s@gmail.com</arg>
<doc>Types the given ``text`` into the text field identified by ``locator``.</doc>
<msg timestamp="20230930 17:53:33.384" level="INFO">Typing text 's@gmail.com' into text field 'id=EmailAddress'.</msg>
<status status="PASS" starttime="20230930 17:53:33.383" endtime="20230930 17:53:34.142"/>
</kw>
<kw name="Input Text" library="SeleniumLibrary">
<arg>id=FirstName</arg>
<arg>s</arg>
<doc>Types the given ``text`` into the text field identified by ``locator``.</doc>
<msg timestamp="20230930 17:53:34.144" level="INFO">Typing text 's' into text field 'id=FirstName'.</msg>
<status status="PASS" starttime="20230930 17:53:34.143" endtime="20230930 17:53:34.873"/>
</kw>
<kw name="Input Text" library="SeleniumLibrary">
<arg>id=LastName</arg>
<arg>nig</arg>
<doc>Types the given ``text`` into the text field identified by ``locator``.</doc>
<msg timestamp="20230930 17:53:34.875" level="INFO">Typing text 'nig' into text field 'id=LastName'.</msg>
<status status="PASS" starttime="20230930 17:53:34.874" endtime="20230930 17:53:35.594"/>
</kw>
<kw name="Input Text" library="SeleniumLibrary">
<arg>id=City</arg>
<arg>Dallas</arg>
<doc>Types the given ``text`` into the text field identified by ``locator``.</doc>
<msg timestamp="20230930 17:53:35.596" level="INFO">Typing text 'Dallas' into text field 'id=City'.</msg>
<status status="PASS" starttime="20230930 17:53:35.595" endtime="20230930 17:53:36.323"/>
</kw>
<kw name="Select From List By Value" library="SeleniumLibrary">
<arg>id=StateOrRegion</arg>
<arg>TX</arg>
<doc>Selects options from selection list ``locator`` by ``values``.</doc>
<msg timestamp="20230930 17:53:36.324" level="INFO">Selecting options from selection list 'id=StateOrRegion' by value TX.</msg>
<status status="PASS" starttime="20230930 17:53:36.323" endtime="20230930 17:53:38.080"/>
</kw>
<status status="PASS" starttime="20230930 17:53:33.383" endtime="20230930 17:53:38.081"/>
</kw>
<kw name="Select Gender" library="automationwebsite">
<kw name="Select Radio Button" library="SeleniumLibrary">
<arg>gender</arg>
<arg>male</arg>
<doc>Sets the radio button group ``group_name`` to ``value``.</doc>
<msg timestamp="20230930 17:53:38.082" level="INFO">Selecting 'male' from radio button 'gender'.</msg>
<status status="PASS" starttime="20230930 17:53:38.081" endtime="20230930 17:53:38.779"/>
</kw>
<status status="PASS" starttime="20230930 17:53:38.081" endtime="20230930 17:53:38.779"/>
</kw>
<kw name="Accept addition to promotion list" library="automationwebsite">
<kw name="Select Checkbox" library="SeleniumLibrary">
<arg>xpath=//*[@id="loginform"]/div/div/div/div/form/div[7]/input</arg>
<doc>Selects the checkbox identified by ``locator``.</doc>
<msg timestamp="20230930 17:53:38.781" level="INFO">Selecting checkbox 'xpath=//*[@id="loginform"]/div/div/div/div/form/div[7]/input'.</msg>
<status status="PASS" starttime="20230930 17:53:38.780" endtime="20230930 17:53:39.923"/>
</kw>
<status status="PASS" starttime="20230930 17:53:38.779" endtime="20230930 17:53:39.923"/>
</kw>
<kw name="Select the submit button" library="automationwebsite">
<kw name="Click Button" library="SeleniumLibrary">
<arg>xpath=//*[@id="loginform"]/div/div/div/div/form/button</arg>
<doc>Clicks the button identified by ``locator``.</doc>
<msg timestamp="20230930 17:53:39.925" level="INFO">Clicking button 'xpath=//*[@id="loginform"]/div/div/div/div/form/button'.</msg>
<status status="PASS" starttime="20230930 17:53:39.924" endtime="20230930 17:53:41.211"/>
</kw>
<kw name="Wait Until Page Contains" library="SeleniumLibrary">
<arg>Success! New customer added.</arg>
<doc>Waits until ``text`` appears on the current page.</doc>
<status status="PASS" starttime="20230930 17:53:41.211" endtime="20230930 17:53:41.430"/>
</kw>
<kw name="Sleep" library="BuiltIn">
<arg>3s</arg>
<doc>Pauses the test executed for the given time.</doc>
<msg timestamp="20230930 17:53:44.433" level="INFO">Slept 3 seconds</msg>
<status status="PASS" starttime="20230930 17:53:41.430" endtime="20230930 17:53:44.433"/>
</kw>
<status status="PASS" starttime="20230930 17:53:39.923" endtime="20230930 17:53:44.433"/>
</kw>
<kw name="End web test" library="common" type="TEARDOWN">
<kw name="Close Browser" library="SeleniumLibrary">
<doc>Closes the current browser.</doc>
<status status="PASS" starttime="20230930 17:53:44.434" endtime="20230930 17:53:44.754"/>
</kw>
<status status="PASS" starttime="20230930 17:53:44.434" endtime="20230930 17:53:44.754"/>
</kw>
<doc>This is some basic info about the test</doc>
<tag>1006</tag>
<tag>Contacts</tag>
<tag>Smoke</tag>
<status status="PASS" starttime="20230930 17:53:22.355" endtime="20230930 17:53:44.754"/>
</test>
<doc>This is a document with organized crm.robot file</doc>
<status status="PASS" starttime="20230930 17:53:14.680" endtime="20230930 17:53:44.757"/>
</suite>
<statistics>
<total>
<stat pass="2" fail="0" skip="0">All Tests</stat>
</total>
<tag>
<stat pass="2" fail="0" skip="0">1006</stat>
<stat pass="2" fail="0" skip="0">Contacts</stat>
<stat pass="2" fail="0" skip="0">Smoke</stat>
</tag>
<suite>
<stat pass="2" fail="0" skip="0" id="s1" name="crm MoreReadable">crm MoreReadable</stat>
</suite>
</statistics>
<errors>
</errors>
</robot>
