<?xml version="1.0" encoding="UTF-8"?>
<robot generator="Robot 6.1.1 (Python 3.11.5 on darwin)" generated="20230930 13:18:15.137" rpa="false" schemaversion="4">
<suite id="s1" name="Test case 3" source="/Users/shyamswaroopnigam/Documents/RobotFramework/crm/tests">
<suite id="s1-s1" name="Crm" source="/Users/shyamswaroopnigam/Documents/RobotFramework/crm/tests/crm.robot">
<test id="s1-s1-t1" name="Test Case 3" line="66">
<kw name="Log" library="BuiltIn">
<arg>Executing a test case with a specific tag</arg>
<doc>Logs the given message with the given level.</doc>
<msg timestamp="20230930 13:18:15.447" level="INFO">Executing a test case with a specific tag</msg>
<status status="PASS" starttime="20230930 13:18:15.447" endtime="20230930 13:18:15.447"/>
</kw>
<tag>CurrentTestCase</tag>
<status status="PASS" starttime="20230930 13:18:15.446" endtime="20230930 13:18:15.447"/>
</test>
<doc>This is some basic info about the whole suite</doc>
<status status="PASS" starttime="20230930 13:18:15.171" endtime="20230930 13:18:15.448"/>
</suite>
<status status="PASS" starttime="20230930 13:18:15.139" endtime="20230930 13:18:15.449"/>
</suite>
<statistics>
<total>
<stat pass="1" fail="0" skip="0">All Tests</stat>
</total>
<tag>
<stat pass="1" fail="0" skip="0">CurrentTestCase</stat>
</tag>
<suite>
<stat pass="1" fail="0" skip="0" id="s1" name="Test case 3">Test case 3</stat>
<stat pass="1" fail="0" skip="0" id="s1-s1" name="Crm">Test case 3.Crm</stat>
</suite>
</statistics>
<errors>
</errors>
</robot>
